This is pdfTeX, Version 3.141592653-2.6-1.40.25 (TeX Live 2023) (preloaded format=pdflatex 2023.7.4)  8 JAN 2024 10:37
entering extended mode
 restricted \write18 enabled.
 file:line:error style messages enabled.
 %&-line parsing enabled.
**/Users/juri/git/markdown_conversion/src/main.tex
(/Users/juri/git/markdown_conversion/src/main.tex
LaTeX2e <2023-06-01> patch level 1
L3 programming layer <2023-06-30>
(/usr/local/texlive/2023/texmf-dist/tex/latex/extsizes/extarticle.cls
Document Class: extarticle 1996/10/08 v1.0 Non Standard LaTeX document class
(/usr/local/texlive/2023/texmf-dist/tex/latex/extsizes/size8.clo
File: size8.clo 1999/11/11 v1.4a NON-Standard LaTeX file (size option)
) (/usr/local/texlive/2023/texmf-dist/tex/latex/base/exscale.sty
Package: exscale 2018/09/24 v2.1i Standard LaTeX package exscale
LaTeX Font Info:    Redeclaring symbol font `largesymbols' on input line 57.
LaTeX Font Info:    Overwriting symbol font `largesymbols' in version `normal'
(Font)                  OMX/cmex/m/n --> OMX/cmex/m/n on input line 57.
LaTeX Font Info:    Overwriting symbol font `largesymbols' in version `bold'
(Font)                  OMX/cmex/m/n --> OMX/cmex/m/n on input line 57.
\big@size=\dimen140
)
\c@part=\count185
\c@section=\count186
\c@subsection=\count187
\c@subsubsection=\count188
\c@paragraph=\count189
\c@subparagraph=\count190
\c@figure=\count191
\c@table=\count192
\abovecaptionskip=\skip48
\belowcaptionskip=\skip49
\bibindent=\dimen141
)

! LaTeX Error: File `headers/standard_header.tex' not found.

Type X to quit or <RETURN> to proceed,
or enter new name. (Default extension: tex)

Enter file name: 
/Users/juri/git/markdown_conversion/src/main.tex:3: Emergency stop.
<read *> 
         
l.3 \input{headers/standard_header}
                                   ^^M
*** (cannot \read from terminal in nonstop modes)

 
Here is how much of TeX's memory you used:
 268 strings out of 475237
 5485 string characters out of 5764553
 1916244 words of memory out of 5000000
 21595 multiletter control sequences out of 15000+600000
 558368 words of font info for 37 fonts, out of 8000000 for 9000
 1141 hyphenation exceptions out of 8191
 42i,0n,51p,223b,36s stack positions out of 10000i,1000n,20000p,200000b,200000s
/Users/juri/git/markdown_conversion/src/main.tex:3:  ==> Fatal error occurred, no output PDF file produced!
